{"url":"/users","queryParams":{},"body":{},"level":"info","message":"Request logger middleware","timestamp":"2020-04-10 16:35:38:3538"}
{"url":"/users","queryParams":{},"body":{},"level":"info","message":"Request logger middleware","timestamp":"2020-04-10 16:37:00:370"}
{"url":"/users","queryParams":{},"body":{},"level":"info","message":"Logger","timestamp":"2020-04-10 16:37:28:3728"}
{"url":"/users","queryParams":{},"body":{},"level":"info","message":"Logger","timestamp":"2020-04-10 16:39:57:3957"}
{"url":"/users","queryParams":{},"body":{},"level":"info","message":"Logger","timestamp":"2020-04-10 16:41:28:4128"}
{"url":"/users","queryParams":{},"body":{},"level":"info","message":"Logger","timestamp":"2020-04-10 16:42:09:429"}
{"url":"/users","queryParams":{},"body":{},"level":"info","message":"Logger","timestamp":"2020-04-10 16:42:19:4219"}
{"url":"/users","queryParams":{},"body":{},"level":"info","message":"Logger","timestamp":"2020-04-10 16:43:53:4353"}
{"url":"/users","queryParams":{},"body":{},"level":"info","message":"Logger","timestamp":"2020-04-10 16:46:20:4620"}
{"url":"/users","queryParams":{},"body":{},"level":"info","message":"Logger","timestamp":"2020-04-10 16:46:36:4636"}
{"url":"/users","queryParams":{},"body":{},"level":"info","message":"Logger","timestamp":"2020-04-10 16:46:39:4639"}
{"url":"/users","queryParams":{},"body":{},"level":"info","message":"Logger","timestamp":"2020-04-10 16:46:40:4640"}
{"url":"/users/c209a45c-2c17-4997-b664-2bf31010e1","queryParams":{},"body":{},"level":"info","message":"Logger","timestamp":"2020-04-10 16:46:57:4657"}
{"url":"/users","queryParams":{},"body":{},"level":"info","message":"Logger","timestamp":"2020-04-10 16:48:52:4852"}
{"url":"/users","queryParams":{},"body":{},"level":"info","message":"Logger","timestamp":"2020-04-10 16:48:54:4854"}
{"url":"/users","queryParams":{},"body":{},"level":"info","message":"Logger","timestamp":"2020-04-10 16:50:12:5012"}
{"url":"/users","queryParams":{},"body":{},"level":"info","message":"Logger","timestamp":"2020-04-10 16:55:18:5518"}
{"url":"/users","queryParams":{},"body":{},"level":"info","message":"Logger","timestamp":"2020-04-10 16:55:18:5518"}
{"url":"/users","queryParams":{},"body":{},"level":"info","message":"Logger","timestamp":"2020-04-10 16:55:49:5549"}
{"url":"/users","queryParams":{},"body":{},"level":"info","message":"Logger","timestamp":"2020-04-10 16:55:49:5549"}
{"url":"/users","queryParams":{},"body":{},"level":"info","message":"Logger","timestamp":"2020-04-10 16:56:40:5640"}
{"url":"/users","queryParams":{},"body":{},"level":"info","message":"Logger","timestamp":"2020-04-10 16:56:41:5641"}
{"url":"/users","queryParams":{},"body":{},"level":"info","message":"Logger","timestamp":"2020-04-10 16:56:43:5643"}
{"url":"/users","queryParams":{},"body":{},"level":"info","message":"Start","timestamp":"2020-04-10 16:58:39:5839"}
{"url":"/users","queryParams":{},"body":{},"ms":10,"level":"info","message":"Finish","timestamp":"2020-04-10 16:58:39:5839"}
{"url":"/users","queryParams":{},"body":{},"level":"info","message":"Start","timestamp":"2020-04-10 16:58:39:5839"}
{"url":"/users","queryParams":{},"body":{},"level":"info","message":"Start","timestamp":"2020-04-10 17:00:01:01"}
{"url":"/","queryParams":{},"body":{},"ms":12,"level":"info","message":"Finish","timestamp":"2020-04-10 17:00:01:01"}
